2026-01-27 11:00:53,709 - INFO - === Conditional Builder Debug Session Started ===
2026-01-27 11:00:53,709 - INFO - Log file: conditional_builder_debug_20260127_110053.log
2026-01-27 11:00:53,715 - INFO - === Conditional Builder Debug Session Started ===
2026-01-27 11:00:53,715 - INFO - === Conditional Builder Debug Session Started ===
2026-01-27 11:00:53,715 - INFO - Log file: conditional_builder_debug_20260127_110053.log
2026-01-27 11:00:53,715 - INFO - Log file: conditional_builder_debug_20260127_110053.log
2026-01-27 11:00:53,908 - INFO - --- Created ALWAYS-VISIBLE conditional builder for Agent1 ---
2026-01-27 11:00:53,908 - INFO - --- Created ALWAYS-VISIBLE conditional builder for Agent1 ---
2026-01-27 11:00:53,908 - INFO -   Frame object id: 1753061526352
2026-01-27 11:00:53,908 - INFO -   Frame object id: 1753061526352
2026-01-27 11:00:53,908 - INFO -   Packed and always visible
2026-01-27 11:00:53,908 - INFO -   Packed and always visible
2026-01-27 11:00:53,980 - INFO -   Initialized with 1 condition row and 1 assignment row
2026-01-27 11:00:53,980 - INFO -   Initialized with 1 condition row and 1 assignment row
2026-01-27 11:00:53,983 - INFO - --- Created ALWAYS-VISIBLE conditional builder for Agent2 ---
2026-01-27 11:00:53,983 - INFO - --- Created ALWAYS-VISIBLE conditional builder for Agent2 ---
2026-01-27 11:00:53,983 - INFO -   Frame object id: 1753061526256
2026-01-27 11:00:53,983 - INFO -   Frame object id: 1753061526256
2026-01-27 11:00:53,984 - INFO -   Packed and always visible
2026-01-27 11:00:53,984 - INFO -   Packed and always visible
2026-01-27 11:00:53,987 - INFO -   Initialized with 1 condition row and 1 assignment row
2026-01-27 11:00:53,987 - INFO -   Initialized with 1 condition row and 1 assignment row
