2026-01-27 11:01:39,175 - INFO - === Conditional Builder Debug Session Started ===
2026-01-27 11:01:39,175 - INFO - Log file: conditional_builder_debug_20260127_110139.log
2026-01-27 11:01:39,180 - INFO - === Conditional Builder Debug Session Started ===
2026-01-27 11:01:39,180 - INFO - === Conditional Builder Debug Session Started ===
2026-01-27 11:01:39,180 - INFO - Log file: conditional_builder_debug_20260127_110139.log
2026-01-27 11:01:39,180 - INFO - Log file: conditional_builder_debug_20260127_110139.log
2026-01-27 11:01:39,355 - INFO - --- Created ALWAYS-VISIBLE conditional builder for Agent1 ---
2026-01-27 11:01:39,355 - INFO - --- Created ALWAYS-VISIBLE conditional builder for Agent1 ---
2026-01-27 11:01:39,356 - INFO -   Frame object id: 2848237305808
2026-01-27 11:01:39,356 - INFO -   Frame object id: 2848237305808
2026-01-27 11:01:39,356 - INFO -   Packed and always visible
2026-01-27 11:01:39,356 - INFO -   Packed and always visible
2026-01-27 11:01:39,410 - INFO -   Initialized with 1 condition row and 1 assignment row
2026-01-27 11:01:39,410 - INFO -   Initialized with 1 condition row and 1 assignment row
2026-01-27 11:01:39,415 - INFO - --- Created ALWAYS-VISIBLE conditional builder for Agent2 ---
2026-01-27 11:01:39,415 - INFO - --- Created ALWAYS-VISIBLE conditional builder for Agent2 ---
2026-01-27 11:01:39,415 - INFO -   Frame object id: 2848237305712
2026-01-27 11:01:39,415 - INFO -   Frame object id: 2848237305712
2026-01-27 11:01:39,416 - INFO -   Packed and always visible
2026-01-27 11:01:39,416 - INFO -   Packed and always visible
2026-01-27 11:01:39,419 - INFO -   Initialized with 1 condition row and 1 assignment row
2026-01-27 11:01:39,419 - INFO -   Initialized with 1 condition row and 1 assignment row
