2026-01-27 11:48:12,781 - INFO - === Conditional Builder Debug Session Started ===
2026-01-27 11:48:12,781 - INFO - Log file: conditional_builder_debug_20260127_114812.log
2026-01-27 11:48:12,787 - INFO - === Conditional Builder Debug Session Started ===
2026-01-27 11:48:12,787 - INFO - === Conditional Builder Debug Session Started ===
2026-01-27 11:48:12,787 - INFO - Log file: conditional_builder_debug_20260127_114812.log
2026-01-27 11:48:12,787 - INFO - Log file: conditional_builder_debug_20260127_114812.log
2026-01-27 11:48:12,963 - INFO - --- Created ALWAYS-VISIBLE conditional builder for Agent1 ---
2026-01-27 11:48:12,963 - INFO - --- Created ALWAYS-VISIBLE conditional builder for Agent1 ---
2026-01-27 11:48:12,963 - INFO -   Frame object id: 1842087249184
2026-01-27 11:48:12,963 - INFO -   Frame object id: 1842087249184
2026-01-27 11:48:12,964 - INFO -   Packed and always visible
2026-01-27 11:48:12,964 - INFO -   Packed and always visible
2026-01-27 11:48:13,016 - INFO -   Initialized with 0 condition rows and 1 assignment row
2026-01-27 11:48:13,016 - INFO -   Initialized with 0 condition rows and 1 assignment row
2026-01-27 11:48:13,018 - INFO - --- Created ALWAYS-VISIBLE conditional builder for Agent2 ---
2026-01-27 11:48:13,018 - INFO - --- Created ALWAYS-VISIBLE conditional builder for Agent2 ---
2026-01-27 11:48:13,018 - INFO -   Frame object id: 1842087172128
2026-01-27 11:48:13,018 - INFO -   Frame object id: 1842087172128
2026-01-27 11:48:13,018 - INFO -   Packed and always visible
2026-01-27 11:48:13,018 - INFO -   Packed and always visible
2026-01-27 11:48:13,022 - INFO -   Initialized with 0 condition rows and 1 assignment row
2026-01-27 11:48:13,022 - INFO -   Initialized with 0 condition rows and 1 assignment row
