2026-01-29 13:06:14,579 - INFO - === Conditional Builder Debug Session Started ===
2026-01-29 13:06:14,579 - INFO - Log file: conditional_builder_debug_20260129_130614.log
2026-01-29 13:06:14,584 - INFO - === Conditional Builder Debug Session Started ===
2026-01-29 13:06:14,584 - INFO - === Conditional Builder Debug Session Started ===
2026-01-29 13:06:14,584 - INFO - Log file: conditional_builder_debug_20260129_130614.log
2026-01-29 13:06:14,584 - INFO - Log file: conditional_builder_debug_20260129_130614.log
2026-01-29 13:06:14,851 - INFO - --- Created ALWAYS-VISIBLE conditional builder for Agent1 ---
2026-01-29 13:06:14,851 - INFO - --- Created ALWAYS-VISIBLE conditional builder for Agent1 ---
2026-01-29 13:06:14,851 - INFO -   Frame object id: 1850679542016
2026-01-29 13:06:14,851 - INFO -   Frame object id: 1850679542016
2026-01-29 13:06:14,851 - INFO -   Packed and always visible
2026-01-29 13:06:14,851 - INFO -   Packed and always visible
2026-01-29 13:06:14,906 - INFO -   Initialized with 0 condition rows and 1 assignment row
2026-01-29 13:06:14,906 - INFO -   Initialized with 0 condition rows and 1 assignment row
2026-01-29 13:06:14,911 - INFO - --- Created ALWAYS-VISIBLE conditional builder for Agent2 ---
2026-01-29 13:06:14,911 - INFO - --- Created ALWAYS-VISIBLE conditional builder for Agent2 ---
2026-01-29 13:06:14,911 - INFO -   Frame object id: 1850679545136
2026-01-29 13:06:14,911 - INFO -   Frame object id: 1850679545136
2026-01-29 13:06:14,911 - INFO -   Packed and always visible
2026-01-29 13:06:14,911 - INFO -   Packed and always visible
2026-01-29 13:06:14,915 - INFO -   Initialized with 0 condition rows and 1 assignment row
2026-01-29 13:06:14,915 - INFO -   Initialized with 0 condition rows and 1 assignment row
