2026-01-27 11:15:18,880 - INFO - === Conditional Builder Debug Session Started ===
2026-01-27 11:15:18,880 - INFO - Log file: conditional_builder_debug_20260127_111518.log
2026-01-27 11:15:18,886 - INFO - === Conditional Builder Debug Session Started ===
2026-01-27 11:15:18,886 - INFO - === Conditional Builder Debug Session Started ===
2026-01-27 11:15:18,886 - INFO - Log file: conditional_builder_debug_20260127_111518.log
2026-01-27 11:15:18,886 - INFO - Log file: conditional_builder_debug_20260127_111518.log
2026-01-27 11:15:19,052 - INFO - --- Created ALWAYS-VISIBLE conditional builder for Agent1 ---
2026-01-27 11:15:19,052 - INFO - --- Created ALWAYS-VISIBLE conditional builder for Agent1 ---
2026-01-27 11:15:19,053 - INFO -   Frame object id: 1413975195600
2026-01-27 11:15:19,053 - INFO -   Frame object id: 1413975195600
2026-01-27 11:15:19,053 - INFO -   Packed and always visible
2026-01-27 11:15:19,053 - INFO -   Packed and always visible
2026-01-27 11:15:19,106 - INFO -   Initialized with 1 condition row and 1 assignment row
2026-01-27 11:15:19,106 - INFO -   Initialized with 1 condition row and 1 assignment row
2026-01-27 11:15:19,111 - INFO - --- Created ALWAYS-VISIBLE conditional builder for Agent2 ---
2026-01-27 11:15:19,111 - INFO - --- Created ALWAYS-VISIBLE conditional builder for Agent2 ---
2026-01-27 11:15:19,111 - INFO -   Frame object id: 1413975195504
2026-01-27 11:15:19,111 - INFO -   Frame object id: 1413975195504
2026-01-27 11:15:19,111 - INFO -   Packed and always visible
2026-01-27 11:15:19,111 - INFO -   Packed and always visible
2026-01-27 11:15:19,114 - INFO -   Initialized with 1 condition row and 1 assignment row
2026-01-27 11:15:19,114 - INFO -   Initialized with 1 condition row and 1 assignment row
