2026-01-27 11:23:34,015 - INFO - === Conditional Builder Debug Session Started ===
2026-01-27 11:23:34,015 - INFO - Log file: conditional_builder_debug_20260127_112334.log
2026-01-27 11:23:34,020 - INFO - === Conditional Builder Debug Session Started ===
2026-01-27 11:23:34,020 - INFO - === Conditional Builder Debug Session Started ===
2026-01-27 11:23:34,021 - INFO - Log file: conditional_builder_debug_20260127_112334.log
2026-01-27 11:23:34,021 - INFO - Log file: conditional_builder_debug_20260127_112334.log
2026-01-27 11:23:34,204 - INFO - --- Created ALWAYS-VISIBLE conditional builder for Agent1 ---
2026-01-27 11:23:34,204 - INFO - --- Created ALWAYS-VISIBLE conditional builder for Agent1 ---
2026-01-27 11:23:34,204 - INFO -   Frame object id: 2230454165616
2026-01-27 11:23:34,204 - INFO -   Frame object id: 2230454165616
2026-01-27 11:23:34,204 - INFO -   Packed and always visible
2026-01-27 11:23:34,204 - INFO -   Packed and always visible
2026-01-27 11:23:34,258 - INFO -   Initialized with 1 condition row and 1 assignment row
2026-01-27 11:23:34,258 - INFO -   Initialized with 1 condition row and 1 assignment row
2026-01-27 11:23:34,263 - INFO - --- Created ALWAYS-VISIBLE conditional builder for Agent2 ---
2026-01-27 11:23:34,263 - INFO - --- Created ALWAYS-VISIBLE conditional builder for Agent2 ---
2026-01-27 11:23:34,263 - INFO -   Frame object id: 2230454128592
2026-01-27 11:23:34,263 - INFO -   Frame object id: 2230454128592
2026-01-27 11:23:34,263 - INFO -   Packed and always visible
2026-01-27 11:23:34,263 - INFO -   Packed and always visible
2026-01-27 11:23:34,266 - INFO -   Initialized with 1 condition row and 1 assignment row
2026-01-27 11:23:34,266 - INFO -   Initialized with 1 condition row and 1 assignment row
