2026-01-27 14:42:17,430 - INFO - === Conditional Builder Debug Session Started ===
2026-01-27 14:42:17,430 - INFO - Log file: conditional_builder_debug_20260127_144217.log
2026-01-27 14:42:17,436 - INFO - === Conditional Builder Debug Session Started ===
2026-01-27 14:42:17,436 - INFO - === Conditional Builder Debug Session Started ===
2026-01-27 14:42:17,436 - INFO - Log file: conditional_builder_debug_20260127_144217.log
2026-01-27 14:42:17,436 - INFO - Log file: conditional_builder_debug_20260127_144217.log
2026-01-27 14:42:17,646 - INFO - --- Created ALWAYS-VISIBLE conditional builder for Agent1 ---
2026-01-27 14:42:17,646 - INFO - --- Created ALWAYS-VISIBLE conditional builder for Agent1 ---
2026-01-27 14:42:17,646 - INFO -   Frame object id: 2385204559344
2026-01-27 14:42:17,646 - INFO -   Frame object id: 2385204559344
2026-01-27 14:42:17,646 - INFO -   Packed and always visible
2026-01-27 14:42:17,646 - INFO -   Packed and always visible
2026-01-27 14:42:17,698 - INFO -   Initialized with 0 condition rows and 1 assignment row
2026-01-27 14:42:17,698 - INFO -   Initialized with 0 condition rows and 1 assignment row
2026-01-27 14:42:17,701 - INFO - --- Created ALWAYS-VISIBLE conditional builder for Agent2 ---
2026-01-27 14:42:17,701 - INFO - --- Created ALWAYS-VISIBLE conditional builder for Agent2 ---
2026-01-27 14:42:17,701 - INFO -   Frame object id: 2385204567584
2026-01-27 14:42:17,701 - INFO -   Frame object id: 2385204567584
2026-01-27 14:42:17,701 - INFO -   Packed and always visible
2026-01-27 14:42:17,701 - INFO -   Packed and always visible
2026-01-27 14:42:17,704 - INFO -   Initialized with 0 condition rows and 1 assignment row
2026-01-27 14:42:17,704 - INFO -   Initialized with 0 condition rows and 1 assignment row
