2026-01-27 14:28:26,309 - INFO - === Conditional Builder Debug Session Started ===
2026-01-27 14:28:26,309 - INFO - Log file: conditional_builder_debug_20260127_142826.log
2026-01-27 14:28:26,315 - INFO - === Conditional Builder Debug Session Started ===
2026-01-27 14:28:26,315 - INFO - === Conditional Builder Debug Session Started ===
2026-01-27 14:28:26,315 - INFO - Log file: conditional_builder_debug_20260127_142826.log
2026-01-27 14:28:26,315 - INFO - Log file: conditional_builder_debug_20260127_142826.log
2026-01-27 14:28:26,515 - INFO - --- Created ALWAYS-VISIBLE conditional builder for Agent1 ---
2026-01-27 14:28:26,515 - INFO - --- Created ALWAYS-VISIBLE conditional builder for Agent1 ---
2026-01-27 14:28:26,516 - INFO -   Frame object id: 2385851874800
2026-01-27 14:28:26,516 - INFO -   Frame object id: 2385851874800
2026-01-27 14:28:26,516 - INFO -   Packed and always visible
2026-01-27 14:28:26,516 - INFO -   Packed and always visible
2026-01-27 14:28:26,568 - INFO -   Initialized with 0 condition rows and 1 assignment row
2026-01-27 14:28:26,568 - INFO -   Initialized with 0 condition rows and 1 assignment row
2026-01-27 14:28:26,573 - INFO - --- Created ALWAYS-VISIBLE conditional builder for Agent2 ---
2026-01-27 14:28:26,573 - INFO - --- Created ALWAYS-VISIBLE conditional builder for Agent2 ---
2026-01-27 14:28:26,573 - INFO -   Frame object id: 2385850261312
2026-01-27 14:28:26,573 - INFO -   Frame object id: 2385850261312
2026-01-27 14:28:26,573 - INFO -   Packed and always visible
2026-01-27 14:28:26,573 - INFO -   Packed and always visible
2026-01-27 14:28:26,576 - INFO -   Initialized with 0 condition rows and 1 assignment row
2026-01-27 14:28:26,576 - INFO -   Initialized with 0 condition rows and 1 assignment row
