2026-01-27 13:52:18,825 - INFO - === Conditional Builder Debug Session Started ===
2026-01-27 13:52:18,825 - INFO - Log file: conditional_builder_debug_20260127_135218.log
2026-01-27 13:52:18,831 - INFO - === Conditional Builder Debug Session Started ===
2026-01-27 13:52:18,831 - INFO - === Conditional Builder Debug Session Started ===
2026-01-27 13:52:18,831 - INFO - Log file: conditional_builder_debug_20260127_135218.log
2026-01-27 13:52:18,831 - INFO - Log file: conditional_builder_debug_20260127_135218.log
2026-01-27 13:52:19,033 - INFO - --- Created ALWAYS-VISIBLE conditional builder for Agent1 ---
2026-01-27 13:52:19,033 - INFO - --- Created ALWAYS-VISIBLE conditional builder for Agent1 ---
2026-01-27 13:52:19,034 - INFO -   Frame object id: 2528246660592
2026-01-27 13:52:19,034 - INFO -   Frame object id: 2528246660592
2026-01-27 13:52:19,034 - INFO -   Packed and always visible
2026-01-27 13:52:19,034 - INFO -   Packed and always visible
2026-01-27 13:52:19,087 - INFO -   Initialized with 0 condition rows and 1 assignment row
2026-01-27 13:52:19,087 - INFO -   Initialized with 0 condition rows and 1 assignment row
2026-01-27 13:52:19,089 - INFO - --- Created ALWAYS-VISIBLE conditional builder for Agent2 ---
2026-01-27 13:52:19,089 - INFO - --- Created ALWAYS-VISIBLE conditional builder for Agent2 ---
2026-01-27 13:52:19,089 - INFO -   Frame object id: 2528245047104
2026-01-27 13:52:19,089 - INFO -   Frame object id: 2528245047104
2026-01-27 13:52:19,089 - INFO -   Packed and always visible
2026-01-27 13:52:19,089 - INFO -   Packed and always visible
2026-01-27 13:52:19,092 - INFO -   Initialized with 0 condition rows and 1 assignment row
2026-01-27 13:52:19,092 - INFO -   Initialized with 0 condition rows and 1 assignment row
