2026-01-27 13:30:47,445 - INFO - === Conditional Builder Debug Session Started ===
2026-01-27 13:30:47,445 - INFO - Log file: conditional_builder_debug_20260127_133047.log
2026-01-27 13:30:47,451 - INFO - === Conditional Builder Debug Session Started ===
2026-01-27 13:30:47,451 - INFO - === Conditional Builder Debug Session Started ===
2026-01-27 13:30:47,451 - INFO - Log file: conditional_builder_debug_20260127_133047.log
2026-01-27 13:30:47,451 - INFO - Log file: conditional_builder_debug_20260127_133047.log
2026-01-27 13:30:47,641 - INFO - --- Created ALWAYS-VISIBLE conditional builder for Agent1 ---
2026-01-27 13:30:47,641 - INFO - --- Created ALWAYS-VISIBLE conditional builder for Agent1 ---
2026-01-27 13:30:47,642 - INFO -   Frame object id: 1455986081504
2026-01-27 13:30:47,642 - INFO -   Frame object id: 1455986081504
2026-01-27 13:30:47,642 - INFO -   Packed and always visible
2026-01-27 13:30:47,642 - INFO -   Packed and always visible
2026-01-27 13:30:47,694 - INFO -   Initialized with 0 condition rows and 1 assignment row
2026-01-27 13:30:47,694 - INFO -   Initialized with 0 condition rows and 1 assignment row
2026-01-27 13:30:47,697 - INFO - --- Created ALWAYS-VISIBLE conditional builder for Agent2 ---
2026-01-27 13:30:47,697 - INFO - --- Created ALWAYS-VISIBLE conditional builder for Agent2 ---
2026-01-27 13:30:47,697 - INFO -   Frame object id: 1455986118416
2026-01-27 13:30:47,697 - INFO -   Frame object id: 1455986118416
2026-01-27 13:30:47,697 - INFO -   Packed and always visible
2026-01-27 13:30:47,697 - INFO -   Packed and always visible
2026-01-27 13:30:47,702 - INFO -   Initialized with 0 condition rows and 1 assignment row
2026-01-27 13:30:47,702 - INFO -   Initialized with 0 condition rows and 1 assignment row
