2026-01-29 11:31:46,223 - INFO - === Conditional Builder Debug Session Started ===
2026-01-29 11:31:46,223 - INFO - Log file: conditional_builder_debug_20260129_113146.log
2026-01-29 11:31:46,228 - INFO - === Conditional Builder Debug Session Started ===
2026-01-29 11:31:46,228 - INFO - === Conditional Builder Debug Session Started ===
2026-01-29 11:31:46,228 - INFO - Log file: conditional_builder_debug_20260129_113146.log
2026-01-29 11:31:46,228 - INFO - Log file: conditional_builder_debug_20260129_113146.log
2026-01-29 11:31:46,479 - INFO - --- Created ALWAYS-VISIBLE conditional builder for Agent1 ---
2026-01-29 11:31:46,479 - INFO - --- Created ALWAYS-VISIBLE conditional builder for Agent1 ---
2026-01-29 11:31:46,480 - INFO -   Frame object id: 1481172173536
2026-01-29 11:31:46,480 - INFO -   Frame object id: 1481172173536
2026-01-29 11:31:46,480 - INFO -   Packed and always visible
2026-01-29 11:31:46,480 - INFO -   Packed and always visible
2026-01-29 11:31:46,529 - INFO -   Initialized with 0 condition rows and 1 assignment row
2026-01-29 11:31:46,529 - INFO -   Initialized with 0 condition rows and 1 assignment row
2026-01-29 11:31:46,532 - INFO - --- Created ALWAYS-VISIBLE conditional builder for Agent2 ---
2026-01-29 11:31:46,532 - INFO - --- Created ALWAYS-VISIBLE conditional builder for Agent2 ---
2026-01-29 11:31:46,532 - INFO -   Frame object id: 1481172391824
2026-01-29 11:31:46,532 - INFO -   Frame object id: 1481172391824
2026-01-29 11:31:46,532 - INFO -   Packed and always visible
2026-01-29 11:31:46,532 - INFO -   Packed and always visible
2026-01-29 11:31:46,534 - INFO -   Initialized with 0 condition rows and 1 assignment row
2026-01-29 11:31:46,534 - INFO -   Initialized with 0 condition rows and 1 assignment row
