2026-01-27 11:35:29,585 - INFO - === Conditional Builder Debug Session Started ===
2026-01-27 11:35:29,586 - INFO - Log file: conditional_builder_debug_20260127_113529.log
2026-01-27 11:35:29,593 - INFO - === Conditional Builder Debug Session Started ===
2026-01-27 11:35:29,593 - INFO - === Conditional Builder Debug Session Started ===
2026-01-27 11:35:29,593 - INFO - Log file: conditional_builder_debug_20260127_113529.log
2026-01-27 11:35:29,593 - INFO - Log file: conditional_builder_debug_20260127_113529.log
2026-01-27 11:35:29,761 - INFO - --- Created ALWAYS-VISIBLE conditional builder for Agent1 ---
2026-01-27 11:35:29,761 - INFO - --- Created ALWAYS-VISIBLE conditional builder for Agent1 ---
2026-01-27 11:35:29,762 - INFO -   Frame object id: 2170654410400
2026-01-27 11:35:29,762 - INFO -   Frame object id: 2170654410400
2026-01-27 11:35:29,762 - INFO -   Packed and always visible
2026-01-27 11:35:29,762 - INFO -   Packed and always visible
2026-01-27 11:35:29,813 - INFO -   Initialized with 0 condition rows and 1 assignment row
2026-01-27 11:35:29,813 - INFO -   Initialized with 0 condition rows and 1 assignment row
2026-01-27 11:35:29,816 - INFO - --- Created ALWAYS-VISIBLE conditional builder for Agent2 ---
2026-01-27 11:35:29,816 - INFO - --- Created ALWAYS-VISIBLE conditional builder for Agent2 ---
2026-01-27 11:35:29,816 - INFO -   Frame object id: 2170654443408
2026-01-27 11:35:29,816 - INFO -   Frame object id: 2170654443408
2026-01-27 11:35:29,816 - INFO -   Packed and always visible
2026-01-27 11:35:29,816 - INFO -   Packed and always visible
2026-01-27 11:35:29,819 - INFO -   Initialized with 0 condition rows and 1 assignment row
2026-01-27 11:35:29,819 - INFO -   Initialized with 0 condition rows and 1 assignment row
