2026-01-27 13:43:08,742 - INFO - === Conditional Builder Debug Session Started ===
2026-01-27 13:43:08,742 - INFO - Log file: conditional_builder_debug_20260127_134308.log
2026-01-27 13:43:08,748 - INFO - === Conditional Builder Debug Session Started ===
2026-01-27 13:43:08,748 - INFO - === Conditional Builder Debug Session Started ===
2026-01-27 13:43:08,748 - INFO - Log file: conditional_builder_debug_20260127_134308.log
2026-01-27 13:43:08,748 - INFO - Log file: conditional_builder_debug_20260127_134308.log
2026-01-27 13:43:08,944 - INFO - --- Created ALWAYS-VISIBLE conditional builder for Agent1 ---
2026-01-27 13:43:08,944 - INFO - --- Created ALWAYS-VISIBLE conditional builder for Agent1 ---
2026-01-27 13:43:08,945 - INFO -   Frame object id: 1675951828464
2026-01-27 13:43:08,945 - INFO -   Frame object id: 1675951828464
2026-01-27 13:43:08,945 - INFO -   Packed and always visible
2026-01-27 13:43:08,945 - INFO -   Packed and always visible
2026-01-27 13:43:08,997 - INFO -   Initialized with 0 condition rows and 1 assignment row
2026-01-27 13:43:08,997 - INFO -   Initialized with 0 condition rows and 1 assignment row
2026-01-27 13:43:09,002 - INFO - --- Created ALWAYS-VISIBLE conditional builder for Agent2 ---
2026-01-27 13:43:09,002 - INFO - --- Created ALWAYS-VISIBLE conditional builder for Agent2 ---
2026-01-27 13:43:09,002 - INFO -   Frame object id: 1675950214928
2026-01-27 13:43:09,002 - INFO -   Frame object id: 1675950214928
2026-01-27 13:43:09,002 - INFO -   Packed and always visible
2026-01-27 13:43:09,002 - INFO -   Packed and always visible
2026-01-27 13:43:09,005 - INFO -   Initialized with 0 condition rows and 1 assignment row
2026-01-27 13:43:09,005 - INFO -   Initialized with 0 condition rows and 1 assignment row
