2026-01-27 14:24:07,106 - INFO - === Conditional Builder Debug Session Started ===
2026-01-27 14:24:07,106 - INFO - Log file: conditional_builder_debug_20260127_142407.log
2026-01-27 14:24:07,112 - INFO - === Conditional Builder Debug Session Started ===
2026-01-27 14:24:07,112 - INFO - === Conditional Builder Debug Session Started ===
2026-01-27 14:24:07,112 - INFO - Log file: conditional_builder_debug_20260127_142407.log
2026-01-27 14:24:07,112 - INFO - Log file: conditional_builder_debug_20260127_142407.log
2026-01-27 14:24:07,318 - INFO - --- Created ALWAYS-VISIBLE conditional builder for Agent1 ---
2026-01-27 14:24:07,318 - INFO - --- Created ALWAYS-VISIBLE conditional builder for Agent1 ---
2026-01-27 14:24:07,319 - INFO -   Frame object id: 2068602457920
2026-01-27 14:24:07,319 - INFO -   Frame object id: 2068602457920
2026-01-27 14:24:07,319 - INFO -   Packed and always visible
2026-01-27 14:24:07,319 - INFO -   Packed and always visible
2026-01-27 14:24:07,373 - INFO -   Initialized with 0 condition rows and 1 assignment row
2026-01-27 14:24:07,373 - INFO -   Initialized with 0 condition rows and 1 assignment row
2026-01-27 14:24:07,376 - INFO - --- Created ALWAYS-VISIBLE conditional builder for Agent2 ---
2026-01-27 14:24:07,376 - INFO - --- Created ALWAYS-VISIBLE conditional builder for Agent2 ---
2026-01-27 14:24:07,376 - INFO -   Frame object id: 2068602490736
2026-01-27 14:24:07,376 - INFO -   Frame object id: 2068602490736
2026-01-27 14:24:07,376 - INFO -   Packed and always visible
2026-01-27 14:24:07,376 - INFO -   Packed and always visible
2026-01-27 14:24:07,379 - INFO -   Initialized with 0 condition rows and 1 assignment row
2026-01-27 14:24:07,379 - INFO -   Initialized with 0 condition rows and 1 assignment row
