2026-01-27 14:34:15,477 - INFO - === Conditional Builder Debug Session Started ===
2026-01-27 14:34:15,477 - INFO - Log file: conditional_builder_debug_20260127_143415.log
2026-01-27 14:34:15,483 - INFO - === Conditional Builder Debug Session Started ===
2026-01-27 14:34:15,483 - INFO - === Conditional Builder Debug Session Started ===
2026-01-27 14:34:15,483 - INFO - Log file: conditional_builder_debug_20260127_143415.log
2026-01-27 14:34:15,483 - INFO - Log file: conditional_builder_debug_20260127_143415.log
2026-01-27 14:34:15,682 - INFO - --- Created ALWAYS-VISIBLE conditional builder for Agent1 ---
2026-01-27 14:34:15,682 - INFO - --- Created ALWAYS-VISIBLE conditional builder for Agent1 ---
2026-01-27 14:34:15,940 - INFO -   Frame object id: 3067945656176
2026-01-27 14:34:15,940 - INFO -   Frame object id: 3067945656176
2026-01-27 14:34:15,940 - INFO -   Packed and always visible
2026-01-27 14:34:15,940 - INFO -   Packed and always visible
2026-01-27 14:34:15,994 - INFO -   Initialized with 0 condition rows and 1 assignment row
2026-01-27 14:34:15,994 - INFO -   Initialized with 0 condition rows and 1 assignment row
2026-01-27 14:34:15,997 - INFO - --- Created ALWAYS-VISIBLE conditional builder for Agent2 ---
2026-01-27 14:34:15,997 - INFO - --- Created ALWAYS-VISIBLE conditional builder for Agent2 ---
2026-01-27 14:34:15,997 - INFO -   Frame object id: 3067945688992
2026-01-27 14:34:15,997 - INFO -   Frame object id: 3067945688992
2026-01-27 14:34:15,997 - INFO -   Packed and always visible
2026-01-27 14:34:15,997 - INFO -   Packed and always visible
2026-01-27 14:34:16,000 - INFO -   Initialized with 0 condition rows and 1 assignment row
2026-01-27 14:34:16,000 - INFO -   Initialized with 0 condition rows and 1 assignment row
