2026-01-27 11:54:11,949 - INFO - === Conditional Builder Debug Session Started ===
2026-01-27 11:54:11,949 - INFO - Log file: conditional_builder_debug_20260127_115411.log
2026-01-27 11:54:11,957 - INFO - === Conditional Builder Debug Session Started ===
2026-01-27 11:54:11,957 - INFO - === Conditional Builder Debug Session Started ===
2026-01-27 11:54:11,957 - INFO - Log file: conditional_builder_debug_20260127_115411.log
2026-01-27 11:54:11,957 - INFO - Log file: conditional_builder_debug_20260127_115411.log
2026-01-27 11:54:12,131 - INFO - --- Created ALWAYS-VISIBLE conditional builder for Agent1 ---
2026-01-27 11:54:12,131 - INFO - --- Created ALWAYS-VISIBLE conditional builder for Agent1 ---
2026-01-27 11:54:12,131 - INFO -   Frame object id: 1918419273904
2026-01-27 11:54:12,131 - INFO -   Frame object id: 1918419273904
2026-01-27 11:54:12,131 - INFO -   Packed and always visible
2026-01-27 11:54:12,131 - INFO -   Packed and always visible
2026-01-27 11:54:12,185 - INFO -   Initialized with 0 condition rows and 1 assignment row
2026-01-27 11:54:12,185 - INFO -   Initialized with 0 condition rows and 1 assignment row
2026-01-27 11:54:12,188 - INFO - --- Created ALWAYS-VISIBLE conditional builder for Agent2 ---
2026-01-27 11:54:12,188 - INFO - --- Created ALWAYS-VISIBLE conditional builder for Agent2 ---
2026-01-27 11:54:12,189 - INFO -   Frame object id: 1918418348304
2026-01-27 11:54:12,189 - INFO -   Frame object id: 1918418348304
2026-01-27 11:54:12,189 - INFO -   Packed and always visible
2026-01-27 11:54:12,189 - INFO -   Packed and always visible
2026-01-27 11:54:12,193 - INFO -   Initialized with 0 condition rows and 1 assignment row
2026-01-27 11:54:12,193 - INFO -   Initialized with 0 condition rows and 1 assignment row
