2026-01-28 10:44:20,798 - INFO - === Conditional Builder Debug Session Started ===
2026-01-28 10:44:20,799 - INFO - Log file: conditional_builder_debug_20260128_104420.log
2026-01-28 10:44:20,805 - INFO - === Conditional Builder Debug Session Started ===
2026-01-28 10:44:20,805 - INFO - === Conditional Builder Debug Session Started ===
2026-01-28 10:44:20,805 - INFO - Log file: conditional_builder_debug_20260128_104420.log
2026-01-28 10:44:20,805 - INFO - Log file: conditional_builder_debug_20260128_104420.log
2026-01-28 10:44:21,036 - INFO - --- Created ALWAYS-VISIBLE conditional builder for Agent1 ---
2026-01-28 10:44:21,036 - INFO - --- Created ALWAYS-VISIBLE conditional builder for Agent1 ---
2026-01-28 10:44:21,036 - INFO -   Frame object id: 2272058926944
2026-01-28 10:44:21,036 - INFO -   Frame object id: 2272058926944
2026-01-28 10:44:21,036 - INFO -   Packed and always visible
2026-01-28 10:44:21,036 - INFO -   Packed and always visible
2026-01-28 10:44:21,091 - INFO -   Initialized with 0 condition rows and 1 assignment row
2026-01-28 10:44:21,091 - INFO -   Initialized with 0 condition rows and 1 assignment row
2026-01-28 10:44:21,094 - INFO - --- Created ALWAYS-VISIBLE conditional builder for Agent2 ---
2026-01-28 10:44:21,094 - INFO - --- Created ALWAYS-VISIBLE conditional builder for Agent2 ---
2026-01-28 10:44:21,094 - INFO -   Frame object id: 2272058975376
2026-01-28 10:44:21,094 - INFO -   Frame object id: 2272058975376
2026-01-28 10:44:21,094 - INFO -   Packed and always visible
2026-01-28 10:44:21,094 - INFO -   Packed and always visible
2026-01-28 10:44:21,097 - INFO -   Initialized with 0 condition rows and 1 assignment row
2026-01-28 10:44:21,097 - INFO -   Initialized with 0 condition rows and 1 assignment row
