2026-01-28 11:16:58,776 - INFO - === Conditional Builder Debug Session Started ===
2026-01-28 11:16:58,776 - INFO - Log file: conditional_builder_debug_20260128_111658.log
2026-01-28 11:16:58,782 - INFO - === Conditional Builder Debug Session Started ===
2026-01-28 11:16:58,782 - INFO - === Conditional Builder Debug Session Started ===
2026-01-28 11:16:58,782 - INFO - Log file: conditional_builder_debug_20260128_111658.log
2026-01-28 11:16:58,782 - INFO - Log file: conditional_builder_debug_20260128_111658.log
2026-01-28 11:16:59,009 - INFO - --- Created ALWAYS-VISIBLE conditional builder for Agent1 ---
2026-01-28 11:16:59,009 - INFO - --- Created ALWAYS-VISIBLE conditional builder for Agent1 ---
2026-01-28 11:16:59,009 - INFO -   Frame object id: 1683361086144
2026-01-28 11:16:59,009 - INFO -   Frame object id: 1683361086144
2026-01-28 11:16:59,009 - INFO -   Packed and always visible
2026-01-28 11:16:59,009 - INFO -   Packed and always visible
2026-01-28 11:16:59,064 - INFO -   Initialized with 0 condition rows and 1 assignment row
2026-01-28 11:16:59,064 - INFO -   Initialized with 0 condition rows and 1 assignment row
2026-01-28 11:16:59,066 - INFO - --- Created ALWAYS-VISIBLE conditional builder for Agent2 ---
2026-01-28 11:16:59,066 - INFO - --- Created ALWAYS-VISIBLE conditional builder for Agent2 ---
2026-01-28 11:16:59,066 - INFO -   Frame object id: 1683361121904
2026-01-28 11:16:59,066 - INFO -   Frame object id: 1683361121904
2026-01-28 11:16:59,066 - INFO -   Packed and always visible
2026-01-28 11:16:59,066 - INFO -   Packed and always visible
2026-01-28 11:16:59,070 - INFO -   Initialized with 0 condition rows and 1 assignment row
2026-01-28 11:16:59,070 - INFO -   Initialized with 0 condition rows and 1 assignment row
