2026-01-27 11:57:18,223 - INFO - === Conditional Builder Debug Session Started ===
2026-01-27 11:57:18,223 - INFO - Log file: conditional_builder_debug_20260127_115718.log
2026-01-27 11:57:18,228 - INFO - === Conditional Builder Debug Session Started ===
2026-01-27 11:57:18,228 - INFO - === Conditional Builder Debug Session Started ===
2026-01-27 11:57:18,229 - INFO - Log file: conditional_builder_debug_20260127_115718.log
2026-01-27 11:57:18,229 - INFO - Log file: conditional_builder_debug_20260127_115718.log
2026-01-27 11:57:18,400 - INFO - --- Created ALWAYS-VISIBLE conditional builder for Agent1 ---
2026-01-27 11:57:18,400 - INFO - --- Created ALWAYS-VISIBLE conditional builder for Agent1 ---
2026-01-27 11:57:18,401 - INFO -   Frame object id: 2607042375248
2026-01-27 11:57:18,401 - INFO -   Frame object id: 2607042375248
2026-01-27 11:57:18,401 - INFO -   Packed and always visible
2026-01-27 11:57:18,401 - INFO -   Packed and always visible
2026-01-27 11:57:18,454 - INFO -   Initialized with 0 condition rows and 1 assignment row
2026-01-27 11:57:18,454 - INFO -   Initialized with 0 condition rows and 1 assignment row
2026-01-27 11:57:18,457 - INFO - --- Created ALWAYS-VISIBLE conditional builder for Agent2 ---
2026-01-27 11:57:18,457 - INFO - --- Created ALWAYS-VISIBLE conditional builder for Agent2 ---
2026-01-27 11:57:18,457 - INFO -   Frame object id: 2607042383536
2026-01-27 11:57:18,457 - INFO -   Frame object id: 2607042383536
2026-01-27 11:57:18,457 - INFO -   Packed and always visible
2026-01-27 11:57:18,457 - INFO -   Packed and always visible
2026-01-27 11:57:18,460 - INFO -   Initialized with 0 condition rows and 1 assignment row
2026-01-27 11:57:18,460 - INFO -   Initialized with 0 condition rows and 1 assignment row
