2026-01-27 11:11:07,465 - INFO - === Conditional Builder Debug Session Started ===
2026-01-27 11:11:07,465 - INFO - Log file: conditional_builder_debug_20260127_111107.log
2026-01-27 11:11:07,471 - INFO - === Conditional Builder Debug Session Started ===
2026-01-27 11:11:07,471 - INFO - === Conditional Builder Debug Session Started ===
2026-01-27 11:11:07,471 - INFO - Log file: conditional_builder_debug_20260127_111107.log
2026-01-27 11:11:07,471 - INFO - Log file: conditional_builder_debug_20260127_111107.log
2026-01-27 11:11:07,651 - INFO - --- Created ALWAYS-VISIBLE conditional builder for Agent1 ---
2026-01-27 11:11:07,651 - INFO - --- Created ALWAYS-VISIBLE conditional builder for Agent1 ---
2026-01-27 11:11:07,651 - INFO -   Frame object id: 2034962976976
2026-01-27 11:11:07,651 - INFO -   Frame object id: 2034962976976
2026-01-27 11:11:07,651 - INFO -   Packed and always visible
2026-01-27 11:11:07,651 - INFO -   Packed and always visible
2026-01-27 11:11:07,707 - INFO -   Initialized with 1 condition row and 1 assignment row
2026-01-27 11:11:07,707 - INFO -   Initialized with 1 condition row and 1 assignment row
2026-01-27 11:11:07,711 - INFO - --- Created ALWAYS-VISIBLE conditional builder for Agent2 ---
2026-01-27 11:11:07,711 - INFO - --- Created ALWAYS-VISIBLE conditional builder for Agent2 ---
2026-01-27 11:11:07,711 - INFO -   Frame object id: 2034962976880
2026-01-27 11:11:07,711 - INFO -   Frame object id: 2034962976880
2026-01-27 11:11:07,711 - INFO -   Packed and always visible
2026-01-27 11:11:07,711 - INFO -   Packed and always visible
2026-01-27 11:11:07,714 - INFO -   Initialized with 1 condition row and 1 assignment row
2026-01-27 11:11:07,714 - INFO -   Initialized with 1 condition row and 1 assignment row
