2026-01-27 14:36:19,802 - INFO - === Conditional Builder Debug Session Started ===
2026-01-27 14:36:19,802 - INFO - Log file: conditional_builder_debug_20260127_143619.log
2026-01-27 14:36:19,808 - INFO - === Conditional Builder Debug Session Started ===
2026-01-27 14:36:19,808 - INFO - === Conditional Builder Debug Session Started ===
2026-01-27 14:36:19,808 - INFO - Log file: conditional_builder_debug_20260127_143619.log
2026-01-27 14:36:19,808 - INFO - Log file: conditional_builder_debug_20260127_143619.log
2026-01-27 14:36:20,042 - INFO - --- Created ALWAYS-VISIBLE conditional builder for Agent1 ---
2026-01-27 14:36:20,042 - INFO - --- Created ALWAYS-VISIBLE conditional builder for Agent1 ---
2026-01-27 14:36:20,042 - INFO -   Frame object id: 2605092806512
2026-01-27 14:36:20,042 - INFO -   Frame object id: 2605092806512
2026-01-27 14:36:20,042 - INFO -   Packed and always visible
2026-01-27 14:36:20,042 - INFO -   Packed and always visible
2026-01-27 14:36:20,097 - INFO -   Initialized with 0 condition rows and 1 assignment row
2026-01-27 14:36:20,097 - INFO -   Initialized with 0 condition rows and 1 assignment row
2026-01-27 14:36:20,101 - INFO - --- Created ALWAYS-VISIBLE conditional builder for Agent2 ---
2026-01-27 14:36:20,101 - INFO - --- Created ALWAYS-VISIBLE conditional builder for Agent2 ---
2026-01-27 14:36:20,101 - INFO -   Frame object id: 2605092839328
2026-01-27 14:36:20,101 - INFO -   Frame object id: 2605092839328
2026-01-27 14:36:20,101 - INFO -   Packed and always visible
2026-01-27 14:36:20,101 - INFO -   Packed and always visible
2026-01-27 14:36:20,104 - INFO -   Initialized with 0 condition rows and 1 assignment row
2026-01-27 14:36:20,104 - INFO -   Initialized with 0 condition rows and 1 assignment row
