2026-01-27 12:30:50,833 - INFO - === Conditional Builder Debug Session Started ===
2026-01-27 12:30:50,834 - INFO - Log file: conditional_builder_debug_20260127_123050.log
2026-01-27 12:30:50,839 - INFO - === Conditional Builder Debug Session Started ===
2026-01-27 12:30:50,839 - INFO - === Conditional Builder Debug Session Started ===
2026-01-27 12:30:50,839 - INFO - Log file: conditional_builder_debug_20260127_123050.log
2026-01-27 12:30:50,839 - INFO - Log file: conditional_builder_debug_20260127_123050.log
2026-01-27 12:30:51,039 - INFO - --- Created ALWAYS-VISIBLE conditional builder for Agent1 ---
2026-01-27 12:30:51,039 - INFO - --- Created ALWAYS-VISIBLE conditional builder for Agent1 ---
2026-01-27 12:30:51,040 - INFO -   Frame object id: 2676201764080
2026-01-27 12:30:51,040 - INFO -   Frame object id: 2676201764080
2026-01-27 12:30:51,040 - INFO -   Packed and always visible
2026-01-27 12:30:51,040 - INFO -   Packed and always visible
2026-01-27 12:30:51,095 - INFO -   Initialized with 0 condition rows and 1 assignment row
2026-01-27 12:30:51,095 - INFO -   Initialized with 0 condition rows and 1 assignment row
2026-01-27 12:30:51,098 - INFO - --- Created ALWAYS-VISIBLE conditional builder for Agent2 ---
2026-01-27 12:30:51,098 - INFO - --- Created ALWAYS-VISIBLE conditional builder for Agent2 ---
2026-01-27 12:30:51,098 - INFO -   Frame object id: 2676758601296
2026-01-27 12:30:51,098 - INFO -   Frame object id: 2676758601296
2026-01-27 12:30:51,098 - INFO -   Packed and always visible
2026-01-27 12:30:51,098 - INFO -   Packed and always visible
2026-01-27 12:30:51,102 - INFO -   Initialized with 0 condition rows and 1 assignment row
2026-01-27 12:30:51,102 - INFO -   Initialized with 0 condition rows and 1 assignment row
