2026-01-26 13:48:45,584 - INFO - === Conditional Builder Debug Session Started ===
2026-01-26 13:48:45,584 - INFO - Log file: conditional_builder_debug_20260126_134845.log
2026-01-26 13:48:45,589 - INFO - === Conditional Builder Debug Session Started ===
2026-01-26 13:48:45,589 - INFO - === Conditional Builder Debug Session Started ===
2026-01-26 13:48:45,589 - INFO - Log file: conditional_builder_debug_20260126_134845.log
2026-01-26 13:48:45,589 - INFO - Log file: conditional_builder_debug_20260126_134845.log
2026-01-26 13:48:45,774 - INFO - --- Created ALWAYS-VISIBLE conditional builder for Agent1 ---
2026-01-26 13:48:45,774 - INFO - --- Created ALWAYS-VISIBLE conditional builder for Agent1 ---
2026-01-26 13:48:45,775 - INFO -   Frame object id: 1757656817776
2026-01-26 13:48:45,775 - INFO -   Frame object id: 1757656817776
2026-01-26 13:48:45,776 - INFO -   Packed and always visible
2026-01-26 13:48:45,776 - INFO -   Packed and always visible
2026-01-26 13:48:45,836 - INFO -   Initialized with 1 condition row and 1 assignment row
2026-01-26 13:48:45,836 - INFO -   Initialized with 1 condition row and 1 assignment row
2026-01-26 13:48:45,847 - INFO - --- Created ALWAYS-VISIBLE conditional builder for Agent2 ---
2026-01-26 13:48:45,847 - INFO - --- Created ALWAYS-VISIBLE conditional builder for Agent2 ---
2026-01-26 13:48:45,847 - INFO -   Frame object id: 1757617389520
2026-01-26 13:48:45,847 - INFO -   Frame object id: 1757617389520
2026-01-26 13:48:45,848 - INFO -   Packed and always visible
2026-01-26 13:48:45,848 - INFO -   Packed and always visible
2026-01-26 13:48:45,852 - INFO -   Initialized with 1 condition row and 1 assignment row
2026-01-26 13:48:45,852 - INFO -   Initialized with 1 condition row and 1 assignment row
