2026-01-28 12:58:51,640 - INFO - === Conditional Builder Debug Session Started ===
2026-01-28 12:58:51,640 - INFO - Log file: conditional_builder_debug_20260128_125851.log
2026-01-28 12:58:51,645 - INFO - === Conditional Builder Debug Session Started ===
2026-01-28 12:58:51,645 - INFO - === Conditional Builder Debug Session Started ===
2026-01-28 12:58:51,645 - INFO - Log file: conditional_builder_debug_20260128_125851.log
2026-01-28 12:58:51,645 - INFO - Log file: conditional_builder_debug_20260128_125851.log
2026-01-28 12:58:51,885 - INFO - --- Created ALWAYS-VISIBLE conditional builder for Agent1 ---
2026-01-28 12:58:51,885 - INFO - --- Created ALWAYS-VISIBLE conditional builder for Agent1 ---
2026-01-28 12:58:51,886 - INFO -   Frame object id: 1666441337728
2026-01-28 12:58:51,886 - INFO -   Frame object id: 1666441337728
2026-01-28 12:58:51,886 - INFO -   Packed and always visible
2026-01-28 12:58:51,886 - INFO -   Packed and always visible
2026-01-28 12:58:51,940 - INFO -   Initialized with 0 condition rows and 1 assignment row
2026-01-28 12:58:51,940 - INFO -   Initialized with 0 condition rows and 1 assignment row
2026-01-28 12:58:51,944 - INFO - --- Created ALWAYS-VISIBLE conditional builder for Agent2 ---
2026-01-28 12:58:51,944 - INFO - --- Created ALWAYS-VISIBLE conditional builder for Agent2 ---
2026-01-28 12:58:51,944 - INFO -   Frame object id: 1666441369392
2026-01-28 12:58:51,944 - INFO -   Frame object id: 1666441369392
2026-01-28 12:58:51,944 - INFO -   Packed and always visible
2026-01-28 12:58:51,944 - INFO -   Packed and always visible
2026-01-28 12:58:51,947 - INFO -   Initialized with 0 condition rows and 1 assignment row
2026-01-28 12:58:51,947 - INFO -   Initialized with 0 condition rows and 1 assignment row
