2026-01-27 13:04:08,585 - INFO - === Conditional Builder Debug Session Started ===
2026-01-27 13:04:08,585 - INFO - Log file: conditional_builder_debug_20260127_130408.log
2026-01-27 13:04:08,591 - INFO - === Conditional Builder Debug Session Started ===
2026-01-27 13:04:08,591 - INFO - === Conditional Builder Debug Session Started ===
2026-01-27 13:04:08,591 - INFO - Log file: conditional_builder_debug_20260127_130408.log
2026-01-27 13:04:08,591 - INFO - Log file: conditional_builder_debug_20260127_130408.log
2026-01-27 13:04:08,789 - INFO - --- Created ALWAYS-VISIBLE conditional builder for Agent1 ---
2026-01-27 13:04:08,789 - INFO - --- Created ALWAYS-VISIBLE conditional builder for Agent1 ---
2026-01-27 13:04:08,852 - INFO -   Frame object id: 2947415105008
2026-01-27 13:04:08,852 - INFO -   Frame object id: 2947415105008
2026-01-27 13:04:08,852 - INFO -   Packed and always visible
2026-01-27 13:04:08,852 - INFO -   Packed and always visible
2026-01-27 13:04:08,905 - INFO -   Initialized with 0 condition rows and 1 assignment row
2026-01-27 13:04:08,905 - INFO -   Initialized with 0 condition rows and 1 assignment row
2026-01-27 13:04:08,908 - INFO - --- Created ALWAYS-VISIBLE conditional builder for Agent2 ---
2026-01-27 13:04:08,908 - INFO - --- Created ALWAYS-VISIBLE conditional builder for Agent2 ---
2026-01-27 13:04:08,908 - INFO -   Frame object id: 2947413319984
2026-01-27 13:04:08,908 - INFO -   Frame object id: 2947413319984
2026-01-27 13:04:08,908 - INFO -   Packed and always visible
2026-01-27 13:04:08,908 - INFO -   Packed and always visible
2026-01-27 13:04:08,911 - INFO -   Initialized with 0 condition rows and 1 assignment row
2026-01-27 13:04:08,911 - INFO -   Initialized with 0 condition rows and 1 assignment row
